<?xml version="1.0" encoding="UTF-8"?>
<coverage generated="1653339182">
  <project timestamp="1653339182">
    <file name="/home/arthur/Quatro/core/packages/laravel-bankly-sdk/src/Bankly.php">
      <class name="Idez\Bankly\Bankly" namespace="global">
        <metrics complexity="12" methods="9" coveredmethods="9" conditionals="0" coveredconditionals="0" statements="42" coveredstatements="42" elements="51" coveredelements="51"/>
      </class>
      <line num="38" type="method" name="__construct" visibility="public" complexity="1" crap="1" count="31"/>
      <line num="46" type="stmt" count="31"/>
      <line num="47" type="stmt" count="31"/>
      <line num="48" type="stmt" count="31"/>
      <line num="49" type="stmt" count="31"/>
      <line num="50" type="stmt" count="31"/>
      <line num="52" type="stmt" count="31"/>
      <line num="54" type="stmt" count="31"/>
      <line num="55" type="stmt" count="31"/>
      <line num="56" type="stmt" count="31"/>
      <line num="59" type="stmt" count="31"/>
      <line num="60" type="stmt" count="31"/>
      <line num="61" type="stmt" count="31"/>
      <line num="62" type="stmt" count="31"/>
      <line num="63" type="stmt" count="31"/>
      <line num="64" type="stmt" count="31"/>
      <line num="65" type="stmt" count="31"/>
      <line num="68" type="stmt" count="31"/>
      <line num="71" type="method" name="account" visibility="public" complexity="1" crap="1" count="1"/>
      <line num="73" type="stmt" count="1"/>
      <line num="76" type="method" name="bankSlip" visibility="public" complexity="1" crap="1" count="1"/>
      <line num="78" type="stmt" count="1"/>
      <line num="81" type="method" name="pix" visibility="public" complexity="1" crap="1" count="1"/>
      <line num="83" type="stmt" count="1"/>
      <line num="86" type="method" name="transfer" visibility="public" complexity="1" crap="1" count="1"/>
      <line num="88" type="stmt" count="1"/>
      <line num="91" type="method" name="getEnvUrl" visibility="public" complexity="2" crap="2" count="5"/>
      <line num="93" type="stmt" count="5"/>
      <line num="103" type="method" name="authenticate" visibility="public" complexity="3" crap="3" count="5"/>
      <line num="105" type="stmt" count="5"/>
      <line num="107" type="stmt" count="5"/>
      <line num="109" type="stmt" count="5"/>
      <line num="110" type="stmt" count="4"/>
      <line num="111" type="stmt" count="4"/>
      <line num="112" type="stmt" count="4"/>
      <line num="120" type="stmt" count="3"/>
      <line num="121" type="stmt" count="4"/>
      <line num="122" type="stmt" count="4"/>
      <line num="123" type="stmt" count="4"/>
      <line num="125" type="stmt" count="4"/>
      <line num="127" type="stmt" count="4"/>
      <line num="129" type="stmt" count="3"/>
      <line num="130" type="stmt" count="3"/>
      <line num="132" type="stmt" count="3"/>
      <line num="135" type="stmt" count="4"/>
      <line num="142" type="method" name="calculateExpiresIn" visibility="private" complexity="1" crap="1" count="3"/>
      <line num="144" type="stmt" count="3"/>
      <line num="150" type="method" name="getCerts" visibility="private" complexity="1" crap="1" count="4"/>
      <line num="153" type="stmt" count="4"/>
      <line num="154" type="stmt" count="4"/>
      <metrics loc="158" ncloc="142" classes="1" methods="9" coveredmethods="9" conditionals="0" coveredconditionals="0" statements="42" coveredstatements="42" elements="51" coveredelements="51"/>
    </file>
    <file name="/home/arthur/Quatro/core/packages/laravel-bankly-sdk/src/BanklyServiceProvider.php">
      <class name="Idez\Bankly\BanklyServiceProvider" namespace="global">
        <metrics complexity="1" methods="1" coveredmethods="1" conditionals="0" coveredconditionals="0" statements="2" coveredstatements="2" elements="3" coveredelements="3"/>
      </class>
      <line num="10" type="method" name="configurePackage" visibility="public" complexity="1" crap="1" count="85"/>
      <line num="18" type="stmt" count="85"/>
      <line num="19" type="stmt" count="85"/>
      <metrics loc="22" ncloc="17" classes="1" methods="1" coveredmethods="1" conditionals="0" coveredconditionals="0" statements="2" coveredstatements="2" elements="3" coveredelements="3"/>
    </file>
    <file name="/home/arthur/Quatro/core/packages/laravel-bankly-sdk/src/Clients/AccountClient.php">
      <class name="Idez\Bankly\Clients\AccountClient" namespace="global">
        <metrics complexity="6" methods="3" coveredmethods="3" conditionals="0" coveredconditionals="0" statements="16" coveredstatements="16" elements="19" coveredelements="19"/>
      </class>
      <line num="22" type="method" name="getEvents" visibility="public" complexity="4" crap="4" count="3"/>
      <line num="24" type="stmt" count="3"/>
      <line num="27" type="stmt" count="3"/>
      <line num="28" type="stmt" count="3"/>
      <line num="29" type="stmt" count="3"/>
      <line num="30" type="stmt" count="3"/>
      <line num="31" type="stmt" count="3"/>
      <line num="34" type="stmt" count="3"/>
      <line num="36" type="stmt" count="1"/>
      <line num="39" type="stmt" count="3"/>
      <line num="40" type="stmt" count="1"/>
      <line num="43" type="stmt" count="3"/>
      <line num="45" type="stmt" count="3"/>
      <line num="48" type="method" name="getAccountData" visibility="public" complexity="1" crap="1" count="3"/>
      <line num="50" type="stmt" count="3"/>
      <line num="52" type="stmt" count="3"/>
      <line num="54" type="stmt" count="3"/>
      <line num="60" type="method" name="getAccountBalance" visibility="public" complexity="1" crap="1" count="1"/>
      <line num="62" type="stmt" count="1"/>
      <metrics loc="65" ncloc="52" classes="1" methods="3" coveredmethods="3" conditionals="0" coveredconditionals="0" statements="16" coveredstatements="16" elements="19" coveredelements="19"/>
    </file>
    <file name="/home/arthur/Quatro/core/packages/laravel-bankly-sdk/src/Clients/BankSlipClient.php">
      <class name="Idez\Bankly\Clients\BankSlipClient" namespace="global">
        <metrics complexity="4" methods="3" coveredmethods="3" conditionals="0" coveredconditionals="0" statements="15" coveredstatements="15" elements="18" coveredelements="18"/>
      </class>
      <line num="26" type="method" name="createBankslip" visibility="public" complexity="1" crap="1" count="1"/>
      <line num="28" type="stmt" count="1"/>
      <line num="30" type="stmt" count="1"/>
      <line num="31" type="stmt" count="1"/>
      <line num="33" type="stmt" count="1"/>
      <line num="35" type="stmt" count="1"/>
      <line num="37" type="stmt" count="1"/>
      <line num="39" type="stmt" count="1"/>
      <line num="48" type="method" name="getBankslip" visibility="public" complexity="1" crap="1" count="1"/>
      <line num="50" type="stmt" count="1"/>
      <line num="51" type="stmt" count="1"/>
      <line num="52" type="stmt" count="1"/>
      <line num="54" type="stmt" count="1"/>
      <line num="62" type="method" name="printBankslip" visibility="public" complexity="2" crap="2" count="2"/>
      <line num="64" type="stmt" count="2"/>
      <line num="65" type="stmt" count="2"/>
      <line num="66" type="stmt" count="1"/>
      <line num="70" type="stmt" count="2"/>
      <metrics loc="73" ncloc="52" classes="1" methods="3" coveredmethods="3" conditionals="0" coveredconditionals="0" statements="15" coveredstatements="15" elements="18" coveredelements="18"/>
    </file>
    <file name="/home/arthur/Quatro/core/packages/laravel-bankly-sdk/src/Clients/BaseClient.php">
      <class name="Idez\Bankly\Clients\BaseClient" namespace="global">
        <metrics complexity="7" methods="5" coveredmethods="5" conditionals="0" coveredconditionals="0" statements="11" coveredstatements="11" elements="16" coveredelements="16"/>
      </class>
      <line num="27" type="method" name="__construct" visibility="public" complexity="1" crap="1" count="31"/>
      <line num="29" type="stmt" count="31"/>
      <line num="32" type="method" name="getEnvUrl" visibility="public" complexity="2" crap="2" count="25"/>
      <line num="34" type="stmt" count="25"/>
      <line num="40" type="method" name="client" visibility="protected" complexity="2" crap="2" count="21"/>
      <line num="42" type="stmt" count="21"/>
      <line num="44" type="stmt" count="21"/>
      <line num="45" type="stmt" count="21"/>
      <line num="46" type="stmt" count="21"/>
      <line num="47" type="stmt" count="21"/>
      <line num="55" type="stmt" count="21"/>
      <line num="62" type="method" name="withMiddleware" visibility="public" complexity="1" crap="1" count="1"/>
      <line num="64" type="stmt" count="1"/>
      <line num="66" type="stmt" count="1"/>
      <line num="69" type="method" name="getCachedToken" visibility="public" complexity="1" crap="1" count="21"/>
      <line num="71" type="stmt" count="21"/>
      <metrics loc="74" ncloc="65" classes="1" methods="5" coveredmethods="5" conditionals="0" coveredconditionals="0" statements="11" coveredstatements="11" elements="16" coveredelements="16"/>
    </file>
    <file name="/home/arthur/Quatro/core/packages/laravel-bankly-sdk/src/Clients/PixClient.php">
      <class name="Idez\Bankly\Clients\PixClient" namespace="global">
        <metrics complexity="8" methods="6" coveredmethods="6" conditionals="0" coveredconditionals="0" statements="44" coveredstatements="44" elements="50" coveredelements="50"/>
      </class>
      <line num="34" type="method" name="createStaticQrCode" visibility="public" complexity="1" crap="1" count="1"/>
      <line num="44" type="stmt" count="1"/>
      <line num="46" type="stmt" count="1"/>
      <line num="51" type="stmt" count="1"/>
      <line num="54" type="stmt" count="1"/>
      <line num="57" type="stmt" count="1"/>
      <line num="59" type="stmt" count="1"/>
      <line num="62" type="method" name="sanitize" visibility="private" complexity="1" crap="1" count="1"/>
      <line num="64" type="stmt" count="1"/>
      <line num="70" type="method" name="executePix" visibility="public" complexity="3" crap="3" count="2"/>
      <line num="72" type="stmt" count="2"/>
      <line num="77" type="stmt" count="2"/>
      <line num="78" type="stmt" count="2"/>
      <line num="86" type="stmt" count="2"/>
      <line num="87" type="stmt" count="2"/>
      <line num="91" type="stmt" count="2"/>
      <line num="92" type="stmt" count="2"/>
      <line num="94" type="stmt" count="2"/>
      <line num="95" type="stmt" count="1"/>
      <line num="96" type="stmt" count="1"/>
      <line num="99" type="stmt" count="2"/>
      <line num="100" type="stmt" count="1"/>
      <line num="102" type="stmt" count="1"/>
      <line num="103" type="stmt" count="1"/>
      <line num="104" type="stmt" count="1"/>
      <line num="107" type="stmt" count="1"/>
      <line num="108" type="stmt" count="1"/>
      <line num="109" type="stmt" count="1"/>
      <line num="111" type="stmt" count="1"/>
      <line num="112" type="stmt" count="1"/>
      <line num="116" type="stmt" count="2"/>
      <line num="118" type="stmt" count="2"/>
      <line num="128" type="method" name="refundPix" visibility="public" complexity="1" crap="1" count="1"/>
      <line num="134" type="stmt" count="1"/>
      <line num="136" type="stmt" count="1"/>
      <line num="137" type="stmt" count="1"/>
      <line num="138" type="stmt" count="1"/>
      <line num="142" type="stmt" count="1"/>
      <line num="143" type="stmt" count="1"/>
      <line num="145" type="stmt" count="1"/>
      <line num="155" type="method" name="searchDictKey" visibility="public" complexity="1" crap="1" count="5"/>
      <line num="157" type="stmt" count="5"/>
      <line num="159" type="stmt" count="5"/>
      <line num="161" type="stmt" count="5"/>
      <line num="163" type="stmt" count="5"/>
      <line num="170" type="method" name="listDictKeys" visibility="public" complexity="1" crap="1" count="1"/>
      <line num="172" type="stmt" count="1"/>
      <line num="173" type="stmt" count="1"/>
      <line num="174" type="stmt" count="1"/>
      <line num="176" type="stmt" count="1"/>
      <metrics loc="179" ncloc="147" classes="1" methods="6" coveredmethods="6" conditionals="0" coveredconditionals="0" statements="44" coveredstatements="44" elements="50" coveredelements="50"/>
    </file>
    <file name="/home/arthur/Quatro/core/packages/laravel-bankly-sdk/src/Clients/TransferClient.php">
      <class name="Idez\Bankly\Clients\TransferClient" namespace="global">
        <metrics complexity="1" methods="1" coveredmethods="1" conditionals="0" coveredconditionals="0" statements="14" coveredstatements="14" elements="15" coveredelements="15"/>
      </class>
      <line num="12" type="method" name="p2p" visibility="public" complexity="1" crap="1" count="1"/>
      <line num="14" type="stmt" count="1"/>
      <line num="15" type="stmt" count="1"/>
      <line num="18" type="stmt" count="1"/>
      <line num="19" type="stmt" count="1"/>
      <line num="20" type="stmt" count="1"/>
      <line num="21" type="stmt" count="1"/>
      <line num="24" type="stmt" count="1"/>
      <line num="25" type="stmt" count="1"/>
      <line num="26" type="stmt" count="1"/>
      <line num="27" type="stmt" count="1"/>
      <line num="28" type="stmt" count="1"/>
      <line num="29" type="stmt" count="1"/>
      <line num="31" type="stmt" count="1"/>
      <line num="33" type="stmt" count="1"/>
      <metrics loc="36" ncloc="36" classes="1" methods="1" coveredmethods="1" conditionals="0" coveredconditionals="0" statements="14" coveredstatements="14" elements="15" coveredelements="15"/>
    </file>
    <file name="/home/arthur/Quatro/core/packages/laravel-bankly-sdk/src/Contracts/NovaSelectEnumInterface.php">
      <metrics loc="11" ncloc="11" classes="0" methods="0" coveredmethods="0" conditionals="0" coveredconditionals="0" statements="0" coveredstatements="0" elements="0" coveredelements="0"/>
    </file>
    <file name="/home/arthur/Quatro/core/packages/laravel-bankly-sdk/src/Data/Account.php">
      <class name="Idez\Bankly\Data\Account" namespace="global">
        <metrics complexity="8" methods="1" coveredmethods="0" conditionals="0" coveredconditionals="0" statements="11" coveredstatements="7" elements="12" coveredelements="7"/>
      </class>
      <line num="19" type="method" name="__construct" visibility="public" complexity="8" crap="11.08" count="10"/>
      <line num="21" type="stmt" count="10"/>
      <line num="22" type="stmt" count="0"/>
      <line num="25" type="stmt" count="10"/>
      <line num="26" type="stmt" count="0"/>
      <line num="28" type="stmt" count="10"/>
      <line num="31" type="stmt" count="10"/>
      <line num="32" type="stmt" count="4"/>
      <line num="35" type="stmt" count="10"/>
      <line num="36" type="stmt" count="0"/>
      <line num="37" type="stmt" count="0"/>
      <line num="40" type="stmt" count="10"/>
      <metrics loc="43" ncloc="43" classes="1" methods="1" coveredmethods="0" conditionals="0" coveredconditionals="0" statements="11" coveredstatements="7" elements="12" coveredelements="7"/>
    </file>
    <file name="/home/arthur/Quatro/core/packages/laravel-bankly-sdk/src/Data/AccountBalance.php">
      <class name="Idez\Bankly\Data\AccountBalance" namespace="global">
        <metrics complexity="0" methods="0" coveredmethods="0" conditionals="0" coveredconditionals="0" statements="0" coveredstatements="0" elements="0" coveredelements="0"/>
      </class>
      <metrics loc="16" ncloc="10" classes="0" methods="0" coveredmethods="0" conditionals="0" coveredconditionals="0" statements="0" coveredstatements="0" elements="0" coveredelements="0"/>
    </file>
    <file name="/home/arthur/Quatro/core/packages/laravel-bankly-sdk/src/Data/AccountInfo.php">
      <class name="Idez\Bankly\Data\AccountInfo" namespace="global">
        <metrics complexity="2" methods="1" coveredmethods="1" conditionals="0" coveredconditionals="0" statements="6" coveredstatements="6" elements="7" coveredelements="7"/>
      </class>
      <line num="14" type="method" name="__construct" visibility="public" complexity="2" crap="2" count="3"/>
      <line num="16" type="stmt" count="3"/>
      <line num="17" type="stmt" count="2"/>
      <line num="18" type="stmt" count="2"/>
      <line num="19" type="stmt" count="2"/>
      <line num="20" type="stmt" count="2"/>
      <line num="23" type="stmt" count="3"/>
      <metrics loc="26" ncloc="26" classes="1" methods="1" coveredmethods="1" conditionals="0" coveredconditionals="0" statements="6" coveredstatements="6" elements="7" coveredelements="7"/>
    </file>
    <file name="/home/arthur/Quatro/core/packages/laravel-bankly-sdk/src/Data/Address.php">
      <class name="Idez\Bankly\Data\Address" namespace="global">
        <metrics complexity="0" methods="0" coveredmethods="0" conditionals="0" coveredconditionals="0" statements="0" coveredstatements="0" elements="0" coveredelements="0"/>
      </class>
      <metrics loc="12" ncloc="12" classes="0" methods="0" coveredmethods="0" conditionals="0" coveredconditionals="0" statements="0" coveredstatements="0" elements="0" coveredelements="0"/>
    </file>
    <file name="/home/arthur/Quatro/core/packages/laravel-bankly-sdk/src/Data/Bank.php">
      <class name="Idez\Bankly\Data\Bank" namespace="global">
        <metrics complexity="0" methods="0" coveredmethods="0" conditionals="0" coveredconditionals="0" statements="0" coveredstatements="0" elements="0" coveredelements="0"/>
      </class>
      <metrics loc="19" ncloc="13" classes="0" methods="0" coveredmethods="0" conditionals="0" coveredconditionals="0" statements="0" coveredstatements="0" elements="0" coveredelements="0"/>
    </file>
    <file name="/home/arthur/Quatro/core/packages/laravel-bankly-sdk/src/Data/Bankslip.php">
      <class name="Idez\Bankly\Data\Bankslip" namespace="global">
        <metrics complexity="10" methods="1" coveredmethods="1" conditionals="0" coveredconditionals="0" statements="11" coveredstatements="11" elements="12" coveredelements="12"/>
      </class>
      <line num="37" type="method" name="__construct" visibility="public" complexity="10" crap="10" count="2"/>
      <line num="39" type="stmt" count="2"/>
      <line num="40" type="stmt" count="2"/>
      <line num="41" type="stmt" count="2"/>
      <line num="42" type="stmt" count="2"/>
      <line num="43" type="stmt" count="2"/>
      <line num="44" type="stmt" count="2"/>
      <line num="45" type="stmt" count="2"/>
      <line num="46" type="stmt" count="2"/>
      <line num="47" type="stmt" count="2"/>
      <line num="48" type="stmt" count="2"/>
      <line num="52" type="stmt" count="2"/>
      <metrics loc="55" ncloc="49" classes="1" methods="1" coveredmethods="1" conditionals="0" coveredconditionals="0" statements="11" coveredstatements="11" elements="12" coveredelements="12"/>
    </file>
    <file name="/home/arthur/Quatro/core/packages/laravel-bankly-sdk/src/Data/Contact.php">
      <class name="Idez\Bankly\Data\Contact" namespace="global">
        <metrics complexity="1" methods="1" coveredmethods="0" conditionals="0" coveredconditionals="0" statements="3" coveredstatements="0" elements="4" coveredelements="0"/>
      </class>
      <line num="15" type="method" name="__construct" visibility="public" complexity="1" crap="2" count="0"/>
      <line num="17" type="stmt" count="0"/>
      <line num="18" type="stmt" count="0"/>
      <metrics loc="21" ncloc="21" classes="1" methods="1" coveredmethods="0" conditionals="0" coveredconditionals="0" statements="3" coveredstatements="0" elements="4" coveredelements="0"/>
    </file>
    <file name="/home/arthur/Quatro/core/packages/laravel-bankly-sdk/src/Data/Data.php">
      <class name="Idez\Bankly\Data\Data" namespace="global">
        <metrics complexity="11" methods="7" coveredmethods="0" conditionals="0" coveredconditionals="0" statements="18" coveredstatements="6" elements="25" coveredelements="6"/>
      </class>
      <line num="17" type="method" name="__construct" visibility="public" complexity="4" crap="4.05" count="23"/>
      <line num="19" type="stmt" count="23"/>
      <line num="20" type="stmt" count="0"/>
      <line num="23" type="stmt" count="23"/>
      <line num="24" type="stmt" count="23"/>
      <line num="25" type="stmt" count="23"/>
      <line num="27" type="stmt" count="23"/>
      <line num="30" type="stmt" count="9"/>
      <line num="39" type="method" name="toJson" visibility="public" complexity="1" crap="2" count="0"/>
      <line num="41" type="stmt" count="0"/>
      <line num="43" type="stmt" count="0"/>
      <line num="51" type="method" name="__set" visibility="public" complexity="1" crap="2" count="0"/>
      <line num="53" type="stmt" count="0"/>
      <line num="61" type="method" name="__get" visibility="public" complexity="1" crap="2" count="0"/>
      <line num="63" type="stmt" count="0"/>
      <line num="71" type="method" name="__isset" visibility="public" complexity="1" crap="2" count="0"/>
      <line num="73" type="stmt" count="0"/>
      <line num="79" type="method" name="toArray" visibility="public" complexity="2" crap="6" count="0"/>
      <line num="81" type="stmt" count="0"/>
      <line num="82" type="stmt" count="0"/>
      <line num="84" type="stmt" count="0"/>
      <line num="85" type="stmt" count="0"/>
      <line num="88" type="stmt" count="0"/>
      <line num="91" type="method" name="jsonSerialize" visibility="public" complexity="1" crap="2" count="0"/>
      <line num="93" type="stmt" count="0"/>
      <metrics loc="96" ncloc="70" classes="1" methods="7" coveredmethods="0" conditionals="0" coveredconditionals="0" statements="18" coveredstatements="6" elements="25" coveredelements="6"/>
    </file>
    <file name="/home/arthur/Quatro/core/packages/laravel-bankly-sdk/src/Data/DictHolder.php">
      <class name="Idez\Bankly\Data\DictHolder" namespace="global">
        <metrics complexity="1" methods="1" coveredmethods="1" conditionals="0" coveredconditionals="0" statements="3" coveredstatements="3" elements="4" coveredelements="4"/>
      </class>
      <line num="12" type="method" name="__construct" visibility="public" complexity="1" crap="1" count="6"/>
      <line num="14" type="stmt" count="6"/>
      <line num="15" type="stmt" count="6"/>
      <line num="17" type="stmt" count="6"/>
      <metrics loc="20" ncloc="20" classes="1" methods="1" coveredmethods="1" conditionals="0" coveredconditionals="0" statements="3" coveredstatements="3" elements="4" coveredelements="4"/>
    </file>
    <file name="/home/arthur/Quatro/core/packages/laravel-bankly-sdk/src/Data/Discount.php">
      <class name="Idez\Bankly\Data\Discount" namespace="global">
        <metrics complexity="1" methods="1" coveredmethods="0" conditionals="0" coveredconditionals="0" statements="3" coveredstatements="0" elements="4" coveredelements="0"/>
      </class>
      <line num="18" type="method" name="__construct" visibility="public" complexity="1" crap="2" count="0"/>
      <line num="20" type="stmt" count="0"/>
      <line num="22" type="stmt" count="0"/>
      <metrics loc="25" ncloc="22" classes="1" methods="1" coveredmethods="0" conditionals="0" coveredconditionals="0" statements="3" coveredstatements="0" elements="4" coveredelements="0"/>
    </file>
    <file name="/home/arthur/Quatro/core/packages/laravel-bankly-sdk/src/Data/Event.php">
      <class name="Idez\Bankly\Data\Event" namespace="global">
        <metrics complexity="0" methods="0" coveredmethods="0" conditionals="0" coveredconditionals="0" statements="0" coveredstatements="0" elements="0" coveredelements="0"/>
      </class>
      <metrics loc="21" ncloc="21" classes="0" methods="0" coveredmethods="0" conditionals="0" coveredconditionals="0" statements="0" coveredstatements="0" elements="0" coveredelements="0"/>
    </file>
    <file name="/home/arthur/Quatro/core/packages/laravel-bankly-sdk/src/Data/Holder.php">
      <class name="Idez\Bankly\Data\Holder" namespace="global">
        <metrics complexity="0" methods="0" coveredmethods="0" conditionals="0" coveredconditionals="0" statements="0" coveredstatements="0" elements="0" coveredelements="0"/>
      </class>
      <metrics loc="15" ncloc="15" classes="0" methods="0" coveredmethods="0" conditionals="0" coveredconditionals="0" statements="0" coveredstatements="0" elements="0" coveredelements="0"/>
    </file>
    <file name="/home/arthur/Quatro/core/packages/laravel-bankly-sdk/src/Data/Payment.php">
      <class name="Idez\Bankly\Data\Payment" namespace="global">
        <metrics complexity="1" methods="1" coveredmethods="0" conditionals="0" coveredconditionals="0" statements="3" coveredstatements="0" elements="4" coveredelements="0"/>
      </class>
      <line num="19" type="method" name="__construct" visibility="public" complexity="1" crap="2" count="0"/>
      <line num="21" type="stmt" count="0"/>
      <line num="23" type="stmt" count="0"/>
      <metrics loc="26" ncloc="23" classes="1" methods="1" coveredmethods="0" conditionals="0" coveredconditionals="0" statements="3" coveredstatements="0" elements="4" coveredelements="0"/>
    </file>
    <file name="/home/arthur/Quatro/core/packages/laravel-bankly-sdk/src/Data/Person.php">
      <class name="Idez\Bankly\Data\Person" namespace="global">
        <metrics complexity="1" methods="1" coveredmethods="1" conditionals="0" coveredconditionals="0" statements="2" coveredstatements="2" elements="3" coveredelements="3"/>
      </class>
      <line num="15" type="method" name="__construct" visibility="public" complexity="1" crap="1" count="1"/>
      <line num="17" type="stmt" count="1"/>
      <line num="18" type="stmt" count="1"/>
      <metrics loc="21" ncloc="21" classes="1" methods="1" coveredmethods="1" conditionals="0" coveredconditionals="0" statements="2" coveredstatements="2" elements="3" coveredelements="3"/>
    </file>
    <file name="/home/arthur/Quatro/core/packages/laravel-bankly-sdk/src/Data/Pix/Contact.php">
      <class name="Idez\Bankly\Data\Pix\Contact" namespace="global">
        <metrics complexity="2" methods="1" coveredmethods="1" conditionals="0" coveredconditionals="0" statements="3" coveredstatements="3" elements="4" coveredelements="4"/>
      </class>
      <line num="19" type="method" name="__construct" visibility="public" complexity="2" crap="2" count="3"/>
      <line num="21" type="stmt" count="3"/>
      <line num="22" type="stmt" count="3"/>
      <line num="24" type="stmt" count="3"/>
      <metrics loc="27" ncloc="27" classes="1" methods="1" coveredmethods="1" conditionals="0" coveredconditionals="0" statements="3" coveredstatements="3" elements="4" coveredelements="4"/>
    </file>
    <file name="/home/arthur/Quatro/core/packages/laravel-bankly-sdk/src/Data/Pix/DictKey.php">
      <class name="Idez\Bankly\Data\Pix\DictKey" namespace="global">
        <metrics complexity="1" methods="1" coveredmethods="1" conditionals="0" coveredconditionals="0" statements="3" coveredstatements="3" elements="4" coveredelements="4"/>
      </class>
      <line num="18" type="method" name="__construct" visibility="public" complexity="1" crap="1" count="6"/>
      <line num="20" type="stmt" count="6"/>
      <line num="21" type="stmt" count="6"/>
      <line num="23" type="stmt" count="6"/>
      <metrics loc="26" ncloc="26" classes="1" methods="1" coveredmethods="1" conditionals="0" coveredconditionals="0" statements="3" coveredstatements="3" elements="4" coveredelements="4"/>
    </file>
    <file name="/home/arthur/Quatro/core/packages/laravel-bankly-sdk/src/Data/Pix/StaticQrCode.php">
      <class name="Idez\Bankly\Data\Pix\StaticQrCode" namespace="global">
        <metrics complexity="0" methods="0" coveredmethods="0" conditionals="0" coveredconditionals="0" statements="0" coveredstatements="0" elements="0" coveredelements="0"/>
      </class>
      <metrics loc="11" ncloc="11" classes="0" methods="0" coveredmethods="0" conditionals="0" coveredconditionals="0" statements="0" coveredstatements="0" elements="0" coveredelements="0"/>
    </file>
    <file name="/home/arthur/Quatro/core/packages/laravel-bankly-sdk/src/Data/Pix/Transfer.php">
      <class name="Idez\Bankly\Data\Pix\Transfer" namespace="global">
        <metrics complexity="3" methods="1" coveredmethods="1" conditionals="0" coveredconditionals="0" statements="3" coveredstatements="3" elements="4" coveredelements="4"/>
      </class>
      <line num="17" type="method" name="__construct" visibility="public" complexity="3" crap="3" count="2"/>
      <line num="19" type="stmt" count="2"/>
      <line num="20" type="stmt" count="2"/>
      <line num="22" type="stmt" count="2"/>
      <metrics loc="25" ncloc="25" classes="1" methods="1" coveredmethods="1" conditionals="0" coveredconditionals="0" statements="3" coveredstatements="3" elements="4" coveredelements="4"/>
    </file>
    <file name="/home/arthur/Quatro/core/packages/laravel-bankly-sdk/src/Data/Rate.php">
      <class name="Idez\Bankly\Data\Rate" namespace="global">
        <metrics complexity="0" methods="0" coveredmethods="0" conditionals="0" coveredconditionals="0" statements="0" coveredstatements="0" elements="0" coveredelements="0"/>
      </class>
      <metrics loc="11" ncloc="11" classes="0" methods="0" coveredmethods="0" conditionals="0" coveredconditionals="0" statements="0" coveredstatements="0" elements="0" coveredelements="0"/>
    </file>
    <file name="/home/arthur/Quatro/core/packages/laravel-bankly-sdk/src/Data/Refund.php">
      <class name="Idez\Bankly\Data\Refund" namespace="global">
        <metrics complexity="1" methods="1" coveredmethods="1" conditionals="0" coveredconditionals="0" statements="3" coveredstatements="3" elements="4" coveredelements="4"/>
      </class>
      <line num="20" type="method" name="__construct" visibility="public" complexity="1" crap="1" count="1"/>
      <line num="22" type="stmt" count="1"/>
      <line num="23" type="stmt" count="1"/>
      <line num="25" type="stmt" count="1"/>
      <metrics loc="28" ncloc="28" classes="1" methods="1" coveredmethods="1" conditionals="0" coveredconditionals="0" statements="3" coveredstatements="3" elements="4" coveredelements="4"/>
    </file>
    <file name="/home/arthur/Quatro/core/packages/laravel-bankly-sdk/src/Data/Token.php">
      <class name="Idez\Bankly\Data\Token" namespace="global">
        <metrics complexity="0" methods="0" coveredmethods="0" conditionals="0" coveredconditionals="0" statements="0" coveredstatements="0" elements="0" coveredelements="0"/>
      </class>
      <metrics loc="13" ncloc="13" classes="0" methods="0" coveredmethods="0" conditionals="0" coveredconditionals="0" statements="0" coveredstatements="0" elements="0" coveredelements="0"/>
    </file>
    <file name="/home/arthur/Quatro/core/packages/laravel-bankly-sdk/src/Data/Transfer.php">
      <class name="Idez\Bankly\Data\Transfer" namespace="global">
        <metrics complexity="0" methods="0" coveredmethods="0" conditionals="0" coveredconditionals="0" statements="0" coveredstatements="0" elements="0" coveredelements="0"/>
      </class>
      <metrics loc="13" ncloc="13" classes="0" methods="0" coveredmethods="0" conditionals="0" coveredconditionals="0" statements="0" coveredstatements="0" elements="0" coveredelements="0"/>
    </file>
    <file name="/home/arthur/Quatro/core/packages/laravel-bankly-sdk/src/Data/ValueType.php">
      <class name="Idez\Bankly\Data\ValueType" namespace="global">
        <metrics complexity="1" methods="1" coveredmethods="1" conditionals="0" coveredconditionals="0" statements="1" coveredstatements="1" elements="2" coveredelements="2"/>
      </class>
      <line num="12" type="method" name="__construct" visibility="public" complexity="1" crap="1" count="7"/>
      <line num="14" type="stmt" count="7"/>
      <metrics loc="17" ncloc="17" classes="1" methods="1" coveredmethods="1" conditionals="0" coveredconditionals="0" statements="1" coveredstatements="1" elements="2" coveredelements="2"/>
    </file>
    <file name="/home/arthur/Quatro/core/packages/laravel-bankly-sdk/src/Data/Webhooks/Amount.php">
      <class name="Idez\Bankly\Data\Webhooks\Amount" namespace="global">
        <metrics complexity="0" methods="0" coveredmethods="0" conditionals="0" coveredconditionals="0" statements="0" coveredstatements="0" elements="0" coveredelements="0"/>
      </class>
      <metrics loc="12" ncloc="12" classes="0" methods="0" coveredmethods="0" conditionals="0" coveredconditionals="0" statements="0" coveredstatements="0" elements="0" coveredelements="0"/>
    </file>
    <file name="/home/arthur/Quatro/core/packages/laravel-bankly-sdk/src/Data/Webhooks/CashInData.php">
      <class name="Idez\Bankly\Data\Webhooks\CashInData" namespace="global">
        <metrics complexity="2" methods="1" coveredmethods="0" conditionals="0" coveredconditionals="0" statements="7" coveredstatements="0" elements="8" coveredelements="0"/>
      </class>
      <line num="16" type="method" name="__construct" visibility="public" complexity="2" crap="6" count="0"/>
      <line num="18" type="stmt" count="0"/>
      <line num="19" type="stmt" count="0"/>
      <line num="22" type="stmt" count="0"/>
      <line num="23" type="stmt" count="0"/>
      <line num="24" type="stmt" count="0"/>
      <line num="26" type="stmt" count="0"/>
      <metrics loc="29" ncloc="29" classes="1" methods="1" coveredmethods="0" conditionals="0" coveredconditionals="0" statements="7" coveredstatements="0" elements="8" coveredelements="0"/>
    </file>
    <file name="/home/arthur/Quatro/core/packages/laravel-bankly-sdk/src/Data/Webhooks/Channel.php">
      <class name="Idez\Bankly\Data\Webhooks\Channel" namespace="global">
        <metrics complexity="1" methods="1" coveredmethods="0" conditionals="0" coveredconditionals="0" statements="3" coveredstatements="0" elements="4" coveredelements="0"/>
      </class>
      <line num="19" type="method" name="__construct" visibility="public" complexity="1" crap="2" count="0"/>
      <line num="21" type="stmt" count="0"/>
      <line num="23" type="stmt" count="0"/>
      <metrics loc="26" ncloc="26" classes="1" methods="1" coveredmethods="0" conditionals="0" coveredconditionals="0" statements="3" coveredstatements="0" elements="4" coveredelements="0"/>
    </file>
    <file name="/home/arthur/Quatro/core/packages/laravel-bankly-sdk/src/Data/Webhooks/Recipient.php">
      <class name="Idez\Bankly\Data\Webhooks\Recipient" namespace="global">
        <metrics complexity="1" methods="1" coveredmethods="0" conditionals="0" coveredconditionals="0" statements="4" coveredstatements="0" elements="5" coveredelements="0"/>
      </class>
      <line num="19" type="method" name="__construct" visibility="public" complexity="1" crap="2" count="0"/>
      <line num="21" type="stmt" count="0"/>
      <line num="22" type="stmt" count="0"/>
      <line num="24" type="stmt" count="0"/>
      <metrics loc="27" ncloc="24" classes="1" methods="1" coveredmethods="0" conditionals="0" coveredconditionals="0" statements="4" coveredstatements="0" elements="5" coveredelements="0"/>
    </file>
    <file name="/home/arthur/Quatro/core/packages/laravel-bankly-sdk/src/Enums/AccountType.php">
      <metrics loc="12" ncloc="12" classes="0" methods="0" coveredmethods="0" conditionals="0" coveredconditionals="0" statements="0" coveredstatements="0" elements="0" coveredelements="0"/>
    </file>
    <file name="/home/arthur/Quatro/core/packages/laravel-bankly-sdk/src/Enums/BankslipStatus.php">
      <metrics loc="10" ncloc="10" classes="0" methods="0" coveredmethods="0" conditionals="0" coveredconditionals="0" statements="0" coveredstatements="0" elements="0" coveredelements="0"/>
    </file>
    <file name="/home/arthur/Quatro/core/packages/laravel-bankly-sdk/src/Enums/BankslipType.php">
      <metrics loc="10" ncloc="10" classes="0" methods="0" coveredmethods="0" conditionals="0" coveredconditionals="0" statements="0" coveredstatements="0" elements="0" coveredelements="0"/>
    </file>
    <file name="/home/arthur/Quatro/core/packages/laravel-bankly-sdk/src/Enums/DictKeyType.php">
      <class name="Idez\Bankly\Enums\DictKeyType" namespace="global">
        <metrics complexity="1" methods="1" coveredmethods="1" conditionals="0" coveredconditionals="0" statements="7" coveredstatements="7" elements="8" coveredelements="8"/>
      </class>
      <line num="19" type="method" name="label" visibility="public" complexity="1" crap="1" count="6"/>
      <line num="21" type="stmt" count="6"/>
      <line num="22" type="stmt" count="6"/>
      <line num="23" type="stmt" count="5"/>
      <line num="24" type="stmt" count="4"/>
      <line num="25" type="stmt" count="3"/>
      <line num="26" type="stmt" count="2"/>
      <line num="27" type="stmt" count="6"/>
      <metrics loc="31" ncloc="31" classes="1" methods="1" coveredmethods="1" conditionals="0" coveredconditionals="0" statements="7" coveredstatements="7" elements="8" coveredelements="8"/>
    </file>
    <file name="/home/arthur/Quatro/core/packages/laravel-bankly-sdk/src/Enums/InitializationType.php">
      <metrics loc="12" ncloc="12" classes="0" methods="0" coveredmethods="0" conditionals="0" coveredconditionals="0" statements="0" coveredstatements="0" elements="0" coveredelements="0"/>
    </file>
    <file name="/home/arthur/Quatro/core/packages/laravel-bankly-sdk/src/Enums/RefundPixReason.php">
      <metrics loc="13" ncloc="13" classes="0" methods="0" coveredmethods="0" conditionals="0" coveredconditionals="0" statements="0" coveredstatements="0" elements="0" coveredelements="0"/>
    </file>
    <file name="/home/arthur/Quatro/core/packages/laravel-bankly-sdk/src/Exceptions/AuthenticationException.php">
      <class name="Idez\Bankly\Exceptions\AuthenticationException" namespace="global">
        <metrics complexity="0" methods="0" coveredmethods="0" conditionals="0" coveredconditionals="0" statements="0" coveredstatements="0" elements="0" coveredelements="0"/>
      </class>
      <metrics loc="8" ncloc="8" classes="0" methods="0" coveredmethods="0" conditionals="0" coveredconditionals="0" statements="0" coveredstatements="0" elements="0" coveredelements="0"/>
    </file>
    <file name="/home/arthur/Quatro/core/packages/laravel-bankly-sdk/src/Exceptions/BanklyException.php">
      <class name="Idez\Bankly\Exceptions\BanklyException" namespace="global">
        <metrics complexity="0" methods="0" coveredmethods="0" conditionals="0" coveredconditionals="0" statements="0" coveredstatements="0" elements="0" coveredelements="0"/>
      </class>
      <metrics loc="11" ncloc="10" classes="0" methods="0" coveredmethods="0" conditionals="0" coveredconditionals="0" statements="0" coveredstatements="0" elements="0" coveredelements="0"/>
    </file>
    <file name="/home/arthur/Quatro/core/packages/laravel-bankly-sdk/src/Exceptions/DictKeyNotFoundException.php">
      <class name="Idez\Bankly\Exceptions\DictKeyNotFoundException" namespace="global">
        <metrics complexity="0" methods="0" coveredmethods="0" conditionals="0" coveredconditionals="0" statements="0" coveredstatements="0" elements="0" coveredelements="0"/>
      </class>
      <metrics loc="8" ncloc="8" classes="0" methods="0" coveredmethods="0" conditionals="0" coveredconditionals="0" statements="0" coveredstatements="0" elements="0" coveredelements="0"/>
    </file>
    <file name="/home/arthur/Quatro/core/packages/laravel-bankly-sdk/src/Exceptions/InvalidDictKeyTypeException.php">
      <class name="Idez\Bankly\Exceptions\InvalidDictKeyTypeException" namespace="global">
        <metrics complexity="0" methods="0" coveredmethods="0" conditionals="0" coveredconditionals="0" statements="0" coveredstatements="0" elements="0" coveredelements="0"/>
      </class>
      <metrics loc="8" ncloc="8" classes="0" methods="0" coveredmethods="0" conditionals="0" coveredconditionals="0" statements="0" coveredstatements="0" elements="0" coveredelements="0"/>
    </file>
    <file name="/home/arthur/Quatro/core/packages/laravel-bankly-sdk/src/Exceptions/InvalidRefundCodeException.php">
      <class name="Idez\Bankly\Exceptions\InvalidRefundCodeException" namespace="global">
        <metrics complexity="0" methods="0" coveredmethods="0" conditionals="0" coveredconditionals="0" statements="0" coveredstatements="0" elements="0" coveredelements="0"/>
      </class>
      <metrics loc="8" ncloc="8" classes="0" methods="0" coveredmethods="0" conditionals="0" coveredconditionals="0" statements="0" coveredstatements="0" elements="0" coveredelements="0"/>
    </file>
    <file name="/home/arthur/Quatro/core/packages/laravel-bankly-sdk/src/Exceptions/MissingAccountDataException.php">
      <class name="Idez\Bankly\Exceptions\MissingAccountDataException" namespace="global">
        <metrics complexity="0" methods="0" coveredmethods="0" conditionals="0" coveredconditionals="0" statements="0" coveredstatements="0" elements="0" coveredelements="0"/>
      </class>
      <metrics loc="8" ncloc="8" classes="0" methods="0" coveredmethods="0" conditionals="0" coveredconditionals="0" statements="0" coveredstatements="0" elements="0" coveredelements="0"/>
    </file>
    <file name="/home/arthur/Quatro/core/packages/laravel-bankly-sdk/src/Exceptions/RegistrationException.php">
      <class name="Idez\Bankly\Exceptions\RegistrationException" namespace="global">
        <metrics complexity="0" methods="0" coveredmethods="0" conditionals="0" coveredconditionals="0" statements="0" coveredstatements="0" elements="0" coveredelements="0"/>
      </class>
      <metrics loc="8" ncloc="8" classes="0" methods="0" coveredmethods="0" conditionals="0" coveredconditionals="0" statements="0" coveredstatements="0" elements="0" coveredelements="0"/>
    </file>
    <file name="/home/arthur/Quatro/core/packages/laravel-bankly-sdk/src/Exceptions/SignatureMismatchException.php">
      <class name="Idez\Bankly\Exceptions\SignatureMismatchException" namespace="global">
        <metrics complexity="0" methods="0" coveredmethods="0" conditionals="0" coveredconditionals="0" statements="0" coveredstatements="0" elements="0" coveredelements="0"/>
      </class>
      <metrics loc="9" ncloc="9" classes="0" methods="0" coveredmethods="0" conditionals="0" coveredconditionals="0" statements="0" coveredstatements="0" elements="0" coveredelements="0"/>
    </file>
    <file name="/home/arthur/Quatro/core/packages/laravel-bankly-sdk/src/Facades/Bankly.php">
      <class name="Idez\Bankly\Facades\Bankly" namespace="global">
        <metrics complexity="1" methods="0" coveredmethods="0" conditionals="0" coveredconditionals="0" statements="0" coveredstatements="0" elements="0" coveredelements="0"/>
      </class>
      <metrics loc="18" ncloc="14" classes="0" methods="0" coveredmethods="0" conditionals="0" coveredconditionals="0" statements="0" coveredstatements="0" elements="0" coveredelements="0"/>
    </file>
    <file name="/home/arthur/Quatro/core/packages/laravel-bankly-sdk/src/Rules/FileExistsRule.php">
      <class name="Idez\Bankly\Rules\FileExistsRule" namespace="global">
        <metrics complexity="2" methods="2" coveredmethods="2" conditionals="0" coveredconditionals="0" statements="2" coveredstatements="2" elements="4" coveredelements="4"/>
      </class>
      <line num="10" type="method" name="passes" visibility="public" complexity="1" crap="1" count="31"/>
      <line num="12" type="stmt" count="31"/>
      <line num="15" type="method" name="message" visibility="public" complexity="1" crap="1" count="2"/>
      <line num="17" type="stmt" count="2"/>
      <metrics loc="20" ncloc="20" classes="1" methods="2" coveredmethods="2" conditionals="0" coveredconditionals="0" statements="2" coveredstatements="2" elements="4" coveredelements="4"/>
    </file>
    <file name="/home/arthur/Quatro/core/packages/laravel-bankly-sdk/src/Support/Dict.php">
      <class name="Idez\Bankly\Support\Dict" namespace="global">
        <metrics complexity="2" methods="2" coveredmethods="2" conditionals="0" coveredconditionals="0" statements="10" coveredstatements="10" elements="12" coveredelements="12"/>
      </class>
      <line num="16" type="method" name="identifyDictKeyType" visibility="public" complexity="1" crap="1" count="16"/>
      <line num="19" type="stmt" count="16"/>
      <line num="20" type="stmt" count="11"/>
      <line num="21" type="stmt" count="8"/>
      <line num="22" type="stmt" count="5"/>
      <line num="23" type="stmt" count="3"/>
      <line num="26" type="stmt" count="16"/>
      <line num="33" type="method" name="cleanMask" visibility="public" complexity="1" crap="1" count="15"/>
      <line num="35" type="stmt" count="15"/>
      <line num="38" type="stmt" count="15"/>
      <line num="39" type="stmt" count="9"/>
      <line num="40" type="stmt" count="15"/>
      <metrics loc="44" ncloc="36" classes="1" methods="2" coveredmethods="2" conditionals="0" coveredconditionals="0" statements="10" coveredstatements="10" elements="12" coveredelements="12"/>
    </file>
    <file name="/home/arthur/Quatro/core/packages/laravel-bankly-sdk/src/Traits/HasScopes.php">
      <class name="Idez\Bankly\Traits\HasScopes" namespace="global">
        <metrics complexity="7" methods="4" coveredmethods="4" conditionals="0" coveredconditionals="0" statements="12" coveredstatements="12" elements="16" coveredelements="16"/>
      </class>
      <line num="11" type="method" name="containsScope" visibility="public" complexity="1" crap="1" count="3"/>
      <line num="13" type="stmt" count="3"/>
      <line num="16" type="method" name="setScopes" visibility="public" complexity="1" crap="1" count="10"/>
      <line num="18" type="stmt" count="10"/>
      <line num="20" type="stmt" count="6"/>
      <line num="23" type="method" name="getScopes" visibility="public" complexity="1" crap="1" count="3"/>
      <line num="25" type="stmt" count="3"/>
      <line num="33" type="method" name="normalizeScopes" visibility="public" complexity="4" crap="4" count="31"/>
      <line num="35" type="stmt" count="31"/>
      <line num="36" type="stmt" count="4"/>
      <line num="39" type="stmt" count="31"/>
      <line num="41" type="stmt" count="31"/>
      <line num="42" type="stmt" count="3"/>
      <line num="45" type="stmt" count="31"/>
      <line num="46" type="stmt" count="1"/>
      <line num="49" type="stmt" count="31"/>
      <metrics loc="52" ncloc="47" classes="1" methods="4" coveredmethods="4" conditionals="0" coveredconditionals="0" statements="12" coveredstatements="12" elements="16" coveredelements="16"/>
    </file>
    <file name="/home/arthur/Quatro/core/packages/laravel-bankly-sdk/src/Traits/Makeable.php">
      <class name="Idez\Bankly\Traits\Makeable" namespace="global">
        <metrics complexity="1" methods="1" coveredmethods="1" conditionals="0" coveredconditionals="0" statements="1" coveredstatements="1" elements="2" coveredelements="2"/>
      </class>
      <line num="13" type="method" name="make" visibility="public" complexity="1" crap="1" count="3"/>
      <line num="18" type="stmt" count="3"/>
      <metrics loc="21" ncloc="12" classes="1" methods="1" coveredmethods="1" conditionals="0" coveredconditionals="0" statements="1" coveredstatements="1" elements="2" coveredelements="2"/>
    </file>
    <file name="/home/arthur/Quatro/core/packages/laravel-bankly-sdk/src/Traits/NovaSelectEnum.php">
      <class name="Idez\Bankly\Traits\NovaSelectEnum" namespace="global">
        <metrics complexity="2" methods="1" coveredmethods="0" conditionals="0" coveredconditionals="0" statements="4" coveredstatements="0" elements="5" coveredelements="0"/>
      </class>
      <line num="7" type="method" name="nova" visibility="public" complexity="2" crap="6" count="0"/>
      <line num="9" type="stmt" count="0"/>
      <line num="10" type="stmt" count="0"/>
      <line num="11" type="stmt" count="0"/>
      <line num="14" type="stmt" count="0"/>
      <metrics loc="17" ncloc="17" classes="1" methods="1" coveredmethods="0" conditionals="0" coveredconditionals="0" statements="4" coveredstatements="0" elements="5" coveredelements="0"/>
    </file>
    <metrics files="55" loc="1627" ncloc="1451" classes="30" methods="62" coveredmethods="47" conditionals="0" coveredconditionals="0" statements="267" coveredstatements="224" elements="329" coveredelements="271"/>
  </project>
</coverage>
